[2021-06-08 23:54:03.952] [exthost] [info] extension host started
[2021-06-08 23:54:04.337] [exthost] [info] ExtensionService#_doActivateExtension vscode.debug-auto-launch {"startup":true,"extensionId":{"value":"vscode.debug-auto-launch","_lower":"vscode.debug-auto-launch"},"activationEvent":"*"}
[2021-06-08 23:54:04.338] [exthost] [info] ExtensionService#loadCommonJSModule file:///home/bryan/.vscode-server/bin/054a9295330880ed74ceaedda236253b4f39a335/extensions/debug-auto-launch/dist/extension
[2021-06-08 23:54:04.346] [exthost] [info] ExtensionService#_doActivateExtension vscode.git {"startup":true,"extensionId":{"value":"vscode.github","_lower":"vscode.github"},"activationEvent":"*"}
[2021-06-08 23:54:04.346] [exthost] [info] ExtensionService#loadCommonJSModule file:///home/bryan/.vscode-server/bin/054a9295330880ed74ceaedda236253b4f39a335/extensions/git/dist/main
[2021-06-08 23:54:04.595] [exthost] [info] ExtensionService#_doActivateExtension vscode.github {"startup":true,"extensionId":{"value":"vscode.github","_lower":"vscode.github"},"activationEvent":"*"}
[2021-06-08 23:54:04.595] [exthost] [info] ExtensionService#loadCommonJSModule file:///home/bryan/.vscode-server/bin/054a9295330880ed74ceaedda236253b4f39a335/extensions/github/dist/extension.js
[2021-06-08 23:54:04.745] [exthost] [info] ExtensionService#_doActivateExtension vscode.emmet {"startup":false,"extensionId":{"value":"vscode.emmet","_lower":"vscode.emmet"},"activationEvent":"onStartupFinished"}
[2021-06-08 23:54:04.745] [exthost] [info] ExtensionService#loadCommonJSModule file:///home/bryan/.vscode-server/bin/054a9295330880ed74ceaedda236253b4f39a335/extensions/emmet/dist/node/emmetNodeMain
[2021-06-08 23:54:04.768] [exthost] [info] ExtensionService#_doActivateExtension vscode.merge-conflict {"startup":false,"extensionId":{"value":"vscode.merge-conflict","_lower":"vscode.merge-conflict"},"activationEvent":"onStartupFinished"}
[2021-06-08 23:54:04.769] [exthost] [info] ExtensionService#loadCommonJSModule file:///home/bryan/.vscode-server/bin/054a9295330880ed74ceaedda236253b4f39a335/extensions/merge-conflict/dist/mergeConflictMain
[2021-06-08 23:54:04.775] [exthost] [info] ExtensionService#_doActivateExtension vscode.testing-editor-contributions {"startup":false,"extensionId":{"value":"vscode.testing-editor-contributions","_lower":"vscode.testing-editor-contributions"},"activationEvent":"onStartupFinished"}
[2021-06-08 23:54:04.775] [exthost] [info] ExtensionService#loadCommonJSModule file:///home/bryan/.vscode-server/bin/054a9295330880ed74ceaedda236253b4f39a335/extensions/testing-editor-contributions/dist/extension.js
[2021-06-08 23:54:04.777] [exthost] [info] eager extensions activated
[2021-06-08 23:54:04.975] [exthost] [info] ExtensionService#_doActivateExtension ms-vscode.js-debug {"startup":false,"extensionId":{"value":"ms-vscode.js-debug","_lower":"ms-vscode.js-debug"},"activationEvent":"onCommand:extension.js-debug.clearAutoAttachVariables"}
[2021-06-08 23:54:04.975] [exthost] [info] ExtensionService#loadCommonJSModule file:///home/bryan/.vscode-server/bin/054a9295330880ed74ceaedda236253b4f39a335/extensions/ms-vscode.js-debug/src/extension.js
[2021-06-08 23:54:05.531] [exthost] [error] {"message":"Git error","stdout":"","stderr":"fatal: Pathspec '/home/bryan/.nvm/.cache/bin/node-v14.17.0-linux-x64/node-v14.17.0-linux-x64.tar.xz' is in submodule '.nvm'\n","exitCode":128,"gitErrorCode":"IsInSubmodule"}
[2021-06-08 23:54:05.531] [exthost] [error] {"message":"Git error","stdout":"","stderr":"fatal: Pathspec '/home/bryan/.nvm/.cache/bin/node-v14.17.0-linux-x64/node-v14.17.0-linux-x64.tar.xz' is in submodule '.nvm'\n","exitCode":128,"gitErrorCode":"IsInSubmodule"}
[2021-06-08 23:54:05.531] [exthost] [error] {"message":"Git error","stdout":"","stderr":"fatal: Pathspec '/home/bryan/.nvm/.cache/bin/node-v14.17.0-linux-x64/node-v14.17.0-linux-x64.tar.xz' is in submodule '.nvm'\n","exitCode":128,"gitErrorCode":"IsInSubmodule"}
[2021-06-08 23:54:05.531] [exthost] [error] {"message":"Git error","stdout":"","stderr":"fatal: Pathspec '/home/bryan/.nvm/.cache/bin/node-v14.17.0-linux-x64/node-v14.17.0-linux-x64.tar.xz' is in submodule '.nvm'\n","exitCode":128,"gitErrorCode":"IsInSubmodule"}
[2021-06-08 23:54:05.531] [exthost] [error] {"message":"Git error","stdout":"","stderr":"fatal: Pathspec '/home/bryan/.nvm/.cache/bin/node-v14.17.0-linux-x64/node-v14.17.0-linux-x64.tar.xz' is in submodule '.nvm'\n","exitCode":128,"gitErrorCode":"IsInSubmodule"}
[2021-06-08 23:54:05.531] [exthost] [error] {"message":"Git error","stdout":"","stderr":"fatal: Pathspec '/home/bryan/.nvm/.cache/bin/node-v14.17.0-linux-x64/node-v14.17.0-linux-x64.tar.xz' is in submodule '.nvm'\n","exitCode":128,"gitErrorCode":"IsInSubmodule"}
[2021-06-08 23:54:05.531] [exthost] [error] {"message":"Git error","stdout":"","stderr":"fatal: Pathspec '/home/bryan/.nvm/.cache/bin/node-v14.17.0-linux-x64/node-v14.17.0-linux-x64.tar.xz' is in submodule '.nvm'\n","exitCode":128,"gitErrorCode":"IsInSubmodule"}
[2021-06-08 23:54:05.531] [exthost] [error] {"message":"Git error","stdout":"","stderr":"fatal: Pathspec '/home/bryan/.nvm/.cache/bin/node-v14.17.0-linux-x64/node-v14.17.0-linux-x64.tar.xz' is in submodule '.nvm'\n","exitCode":128,"gitErrorCode":"IsInSubmodule"}
[2021-06-08 23:54:05.532] [exthost] [error] {"message":"Git error","stdout":"","stderr":"fatal: Pathspec '/home/bryan/.nvm/.cache/bin/node-v14.17.0-linux-x64/node-v14.17.0-linux-x64.tar.xz' is in submodule '.nvm'\n","exitCode":128,"gitErrorCode":"IsInSubmodule"}
[2021-06-08 23:54:05.532] [exthost] [error] {"message":"Git error","stdout":"","stderr":"fatal: Pathspec '/home/bryan/.nvm/.cache/bin/node-v14.17.0-linux-x64/node-v14.17.0-linux-x64.tar.xz' is in submodule '.nvm'\n","exitCode":128,"gitErrorCode":"IsInSubmodule"}
[2021-06-08 23:54:05.532] [exthost] [error] {"message":"Git error","stdout":"","stderr":"fatal: Pathspec '/home/bryan/.nvm/.cache/bin/node-v14.17.0-linux-x64/node-v14.17.0-linux-x64.tar.xz' is in submodule '.nvm'\n","exitCode":128,"gitErrorCode":"IsInSubmodule"}
[2021-06-08 23:54:05.532] [exthost] [error] {"message":"Git error","stdout":"","stderr":"fatal: Pathspec '/home/bryan/.nvm/.cache/bin/node-v14.17.0-linux-x64/node-v14.17.0-linux-x64.tar.xz' is in submodule '.nvm'\n","exitCode":128,"gitErrorCode":"IsInSubmodule"}
[2021-06-08 23:54:05.532] [exthost] [error] {"message":"Git error","stdout":"","stderr":"fatal: Pathspec '/home/bryan/.nvm/.cache/bin/node-v14.17.0-linux-x64/node-v14.17.0-linux-x64.tar.xz' is in submodule '.nvm'\n","exitCode":128,"gitErrorCode":"IsInSubmodule"}
[2021-06-08 23:54:05.532] [exthost] [error] {"message":"Git error","stdout":"","stderr":"fatal: Pathspec '/home/bryan/.nvm/.cache/bin/node-v14.17.0-linux-x64/node-v14.17.0-linux-x64.tar.xz' is in submodule '.nvm'\n","exitCode":128,"gitErrorCode":"IsInSubmodule"}
[2021-06-08 23:54:05.532] [exthost] [error] {"message":"Git error","stdout":"","stderr":"fatal: Pathspec '/home/bryan/.nvm/.cache/bin/node-v14.17.0-linux-x64/node-v14.17.0-linux-x64.tar.xz' is in submodule '.nvm'\n","exitCode":128,"gitErrorCode":"IsInSubmodule"}
[2021-06-08 23:54:05.532] [exthost] [error] {"message":"Git error","stdout":"","stderr":"fatal: Pathspec '/home/bryan/.nvm/.cache/bin/node-v14.17.0-linux-x64/node-v14.17.0-linux-x64.tar.xz' is in submodule '.nvm'\n","exitCode":128,"gitErrorCode":"IsInSubmodule"}
[2021-06-08 23:54:05.532] [exthost] [error] {"message":"Git error","stdout":"","stderr":"fatal: Pathspec '/home/bryan/.nvm/.cache/bin/node-v14.17.0-linux-x64/node-v14.17.0-linux-x64.tar.xz' is in submodule '.nvm'\n","exitCode":128,"gitErrorCode":"IsInSubmodule"}
[2021-06-08 23:54:05.532] [exthost] [error] {"message":"Git error","stdout":"","stderr":"fatal: Pathspec '/home/bryan/.nvm/.cache/bin/node-v14.17.0-linux-x64/node-v14.17.0-linux-x64.tar.xz' is in submodule '.nvm'\n","exitCode":128,"gitErrorCode":"IsInSubmodule"}
[2021-06-08 23:54:05.532] [exthost] [error] {"message":"Git error","stdout":"","stderr":"fatal: Pathspec '/home/bryan/.nvm/.cache/bin/node-v14.17.0-linux-x64/node-v14.17.0-linux-x64.tar.xz' is in submodule '.nvm'\n","exitCode":128,"gitErrorCode":"IsInSubmodule"}
[2021-06-08 23:54:05.532] [exthost] [error] {"message":"Git error","stdout":"","stderr":"fatal: Pathspec '/home/bryan/.nvm/.cache/bin/node-v14.17.0-linux-x64/node-v14.17.0-linux-x64.tar.xz' is in submodule '.nvm'\n","exitCode":128,"gitErrorCode":"IsInSubmodule"}
[2021-06-08 23:54:05.532] [exthost] [error] {"message":"Git error","stdout":"","stderr":"fatal: Pathspec '/home/bryan/.nvm/.cache/bin/node-v14.17.0-linux-x64/node-v14.17.0-linux-x64.tar.xz' is in submodule '.nvm'\n","exitCode":128,"gitErrorCode":"IsInSubmodule"}
[2021-06-08 23:54:05.532] [exthost] [error] {"message":"Git error","stdout":"","stderr":"fatal: Pathspec '/home/bryan/.nvm/.cache/bin/node-v14.17.0-linux-x64/node-v14.17.0-linux-x64.tar.xz' is in submodule '.nvm'\n","exitCode":128,"gitErrorCode":"IsInSubmodule"}
[2021-06-08 23:54:05.532] [exthost] [error] {"message":"Git error","stdout":"","stderr":"fatal: Pathspec '/home/bryan/.nvm/.cache/bin/node-v14.17.0-linux-x64/node-v14.17.0-linux-x64.tar.xz' is in submodule '.nvm'\n","exitCode":128,"gitErrorCode":"IsInSubmodule"}
[2021-06-08 23:54:05.532] [exthost] [error] {"message":"Git error","stdout":"","stderr":"fatal: Pathspec '/home/bryan/.nvm/.cache/bin/node-v14.17.0-linux-x64/node-v14.17.0-linux-x64.tar.xz' is in submodule '.nvm'\n","exitCode":128,"gitErrorCode":"IsInSubmodule"}
[2021-06-08 23:54:05.533] [exthost] [error] {"message":"Git error","stdout":"","stderr":"fatal: Pathspec '/home/bryan/.nvm/.cache/bin/node-v14.17.0-linux-x64/node-v14.17.0-linux-x64.tar.xz' is in submodule '.nvm'\n","exitCode":128,"gitErrorCode":"IsInSubmodule"}
[2021-06-08 23:54:05.533] [exthost] [error] {"message":"Git error","stdout":"","stderr":"fatal: Pathspec '/home/bryan/.nvm/.cache/bin/node-v14.17.0-linux-x64/node-v14.17.0-linux-x64.tar.xz' is in submodule '.nvm'\n","exitCode":128,"gitErrorCode":"IsInSubmodule"}
[2021-06-08 23:54:05.533] [exthost] [error] {"message":"Git error","stdout":"","stderr":"fatal: Pathspec '/home/bryan/.nvm/.cache/bin/node-v14.17.0-linux-x64/node-v14.17.0-linux-x64.tar.xz' is in submodule '.nvm'\n","exitCode":128,"gitErrorCode":"IsInSubmodule"}
[2021-06-08 23:54:05.533] [exthost] [error] {"message":"Git error","stdout":"","stderr":"fatal: Pathspec '/home/bryan/.nvm/.cache/bin/node-v14.17.0-linux-x64/node-v14.17.0-linux-x64.tar.xz' is in submodule '.nvm'\n","exitCode":128,"gitErrorCode":"IsInSubmodule"}
[2021-06-08 23:54:05.533] [exthost] [error] {"message":"Git error","stdout":"","stderr":"fatal: Pathspec '/home/bryan/.nvm/.cache/bin/node-v14.17.0-linux-x64/node-v14.17.0-linux-x64.tar.xz' is in submodule '.nvm'\n","exitCode":128,"gitErrorCode":"IsInSubmodule"}
[2021-06-08 23:54:05.533] [exthost] [error] {"message":"Git error","stdout":"","stderr":"fatal: Pathspec '/home/bryan/.nvm/.cache/bin/node-v14.17.0-linux-x64/node-v14.17.0-linux-x64.tar.xz' is in submodule '.nvm'\n","exitCode":128,"gitErrorCode":"IsInSubmodule"}
[2021-06-08 23:54:05.533] [exthost] [error] {"message":"Git error","stdout":"","stderr":"fatal: Pathspec '/home/bryan/.nvm/.cache/bin/node-v14.17.0-linux-x64/node-v14.17.0-linux-x64.tar.xz' is in submodule '.nvm'\n","exitCode":128,"gitErrorCode":"IsInSubmodule"}
[2021-06-08 23:54:05.533] [exthost] [error] {"message":"Git error","stdout":"","stderr":"fatal: Pathspec '/home/bryan/.nvm/.cache/bin/node-v14.17.0-linux-x64/node-v14.17.0-linux-x64.tar.xz' is in submodule '.nvm'\n","exitCode":128,"gitErrorCode":"IsInSubmodule"}
[2021-06-08 23:54:05.533] [exthost] [error] {"message":"Git error","stdout":"","stderr":"fatal: Pathspec '/home/bryan/.nvm/.cache/bin/node-v14.17.0-linux-x64/node-v14.17.0-linux-x64.tar.xz' is in submodule '.nvm'\n","exitCode":128,"gitErrorCode":"IsInSubmodule"}
[2021-06-08 23:54:05.533] [exthost] [error] {"message":"Git error","stdout":"","stderr":"fatal: Pathspec '/home/bryan/.nvm/.cache/bin/node-v14.17.0-linux-x64/node-v14.17.0-linux-x64.tar.xz' is in submodule '.nvm'\n","exitCode":128,"gitErrorCode":"IsInSubmodule"}
[2021-06-08 23:54:05.533] [exthost] [error] {"message":"Git error","stdout":"","stderr":"fatal: Pathspec '/home/bryan/.nvm/.cache/bin/node-v14.17.0-linux-x64/node-v14.17.0-linux-x64.tar.xz' is in submodule '.nvm'\n","exitCode":128,"gitErrorCode":"IsInSubmodule"}
[2021-06-08 23:54:05.533] [exthost] [error] {"message":"Git error","stdout":"","stderr":"fatal: Pathspec '/home/bryan/.nvm/.cache/bin/node-v14.17.0-linux-x64/node-v14.17.0-linux-x64.tar.xz' is in submodule '.nvm'\n","exitCode":128,"gitErrorCode":"IsInSubmodule"}
[2021-06-08 23:54:05.533] [exthost] [error] {"message":"Git error","stdout":"","stderr":"fatal: Pathspec '/home/bryan/.nvm/.cache/bin/node-v14.17.0-linux-x64/node-v14.17.0-linux-x64.tar.xz' is in submodule '.nvm'\n","exitCode":128,"gitErrorCode":"IsInSubmodule"}
[2021-06-08 23:54:05.533] [exthost] [error] {"message":"Git error","stdout":"","stderr":"fatal: Pathspec '/home/bryan/.nvm/.cache/bin/node-v14.17.0-linux-x64/node-v14.17.0-linux-x64.tar.xz' is in submodule '.nvm'\n","exitCode":128,"gitErrorCode":"IsInSubmodule"}
[2021-06-08 23:54:05.533] [exthost] [error] {"message":"Git error","stdout":"","stderr":"fatal: Pathspec '/home/bryan/.nvm/.cache/bin/node-v14.17.0-linux-x64/node-v14.17.0-linux-x64.tar.xz' is in submodule '.nvm'\n","exitCode":128,"gitErrorCode":"IsInSubmodule"}
[2021-06-08 23:54:05.533] [exthost] [error] {"message":"Git error","stdout":"","stderr":"fatal: Pathspec '/home/bryan/.nvm/.cache/bin/node-v14.17.0-linux-x64/node-v14.17.0-linux-x64.tar.xz' is in submodule '.nvm'\n","exitCode":128,"gitErrorCode":"IsInSubmodule"}
[2021-06-08 23:54:05.533] [exthost] [error] {"message":"Git error","stdout":"","stderr":"fatal: Pathspec '/home/bryan/.nvm/.cache/bin/node-v14.17.0-linux-x64/node-v14.17.0-linux-x64.tar.xz' is in submodule '.nvm'\n","exitCode":128,"gitErrorCode":"IsInSubmodule"}
[2021-06-08 23:54:05.533] [exthost] [error] {"message":"Git error","stdout":"","stderr":"fatal: Pathspec '/home/bryan/.nvm/.cache/bin/node-v14.17.0-linux-x64/node-v14.17.0-linux-x64.tar.xz' is in submodule '.nvm'\n","exitCode":128,"gitErrorCode":"IsInSubmodule"}
[2021-06-08 23:54:05.533] [exthost] [error] {"message":"Git error","stdout":"","stderr":"fatal: Pathspec '/home/bryan/.nvm/.cache/bin/node-v14.17.0-linux-x64/node-v14.17.0-linux-x64.tar.xz' is in submodule '.nvm'\n","exitCode":128,"gitErrorCode":"IsInSubmodule"}
[2021-06-08 23:54:05.533] [exthost] [error] {"message":"Git error","stdout":"","stderr":"fatal: Pathspec '/home/bryan/.nvm/.cache/bin/node-v14.17.0-linux-x64/node-v14.17.0-linux-x64.tar.xz' is in submodule '.nvm'\n","exitCode":128,"gitErrorCode":"IsInSubmodule"}
[2021-06-08 23:54:05.533] [exthost] [error] {"message":"Git error","stdout":"","stderr":"fatal: Pathspec '/home/bryan/.nvm/.cache/bin/node-v14.17.0-linux-x64/node-v14.17.0-linux-x64.tar.xz' is in submodule '.nvm'\n","exitCode":128,"gitErrorCode":"IsInSubmodule"}
[2021-06-08 23:54:05.533] [exthost] [error] {"message":"Git error","stdout":"","stderr":"fatal: Pathspec '/home/bryan/.nvm/.cache/bin/node-v14.17.0-linux-x64/node-v14.17.0-linux-x64.tar.xz' is in submodule '.nvm'\n","exitCode":128,"gitErrorCode":"IsInSubmodule"}
[2021-06-08 23:54:05.533] [exthost] [error] {"message":"Git error","stdout":"","stderr":"fatal: Pathspec '/home/bryan/.nvm/.cache/bin/node-v14.17.0-linux-x64/node-v14.17.0-linux-x64.tar.xz' is in submodule '.nvm'\n","exitCode":128,"gitErrorCode":"IsInSubmodule"}
[2021-06-08 23:54:05.533] [exthost] [error] {"message":"Git error","stdout":"","stderr":"fatal: Pathspec '/home/bryan/.nvm/.cache/bin/node-v14.17.0-linux-x64/node-v14.17.0-linux-x64.tar.xz' is in submodule '.nvm'\n","exitCode":128,"gitErrorCode":"IsInSubmodule"}
[2021-06-08 23:54:24.415] [exthost] [error] {"message":"Git error","stdout":"","stderr":"fatal: pathspec '/home/bryan/.azure/commands' is beyond a symbolic link\n","exitCode":128}
[2021-06-08 23:54:24.415] [exthost] [error] {"message":"Git error","stdout":"","stderr":"fatal: pathspec '/home/bryan/.azure/commands' is beyond a symbolic link\n","exitCode":128}
[2021-06-08 23:54:24.415] [exthost] [error] {"message":"Git error","stdout":"","stderr":"fatal: pathspec '/home/bryan/.azure/commands' is beyond a symbolic link\n","exitCode":128}
[2021-06-08 23:54:24.415] [exthost] [error] {"message":"Git error","stdout":"","stderr":"fatal: pathspec '/home/bryan/.azure/commands' is beyond a symbolic link\n","exitCode":128}
[2021-06-08 23:54:24.415] [exthost] [error] {"message":"Git error","stdout":"","stderr":"fatal: pathspec '/home/bryan/.azure/commands' is beyond a symbolic link\n","exitCode":128}
[2021-06-08 23:54:24.415] [exthost] [error] {"message":"Git error","stdout":"","stderr":"fatal: pathspec '/home/bryan/.azure/commands' is beyond a symbolic link\n","exitCode":128}
[2021-06-08 23:54:24.415] [exthost] [error] {"message":"Git error","stdout":"","stderr":"fatal: pathspec '/home/bryan/.azure/commands' is beyond a symbolic link\n","exitCode":128}
[2021-06-08 23:54:24.415] [exthost] [error] {"message":"Git error","stdout":"","stderr":"fatal: pathspec '/home/bryan/.azure/commands' is beyond a symbolic link\n","exitCode":128}
[2021-06-08 23:54:24.415] [exthost] [error] {"message":"Git error","stdout":"","stderr":"fatal: pathspec '/home/bryan/.azure/commands' is beyond a symbolic link\n","exitCode":128}
[2021-06-08 23:54:24.415] [exthost] [error] {"message":"Git error","stdout":"","stderr":"fatal: pathspec '/home/bryan/.azure/commands' is beyond a symbolic link\n","exitCode":128}
[2021-06-08 23:54:28.471] [exthost] [error] {"message":"Git error","stdout":"","stderr":"fatal: pathspec '/home/bryan/.docker/contexts/meta' is beyond a symbolic link\n","exitCode":128}
[2021-06-08 23:54:28.970] [exthost] [info] ExtensionService#_doActivateExtension vscode.configuration-editing {"startup":false,"extensionId":{"value":"vscode.configuration-editing","_lower":"vscode.configuration-editing"},"activationEvent":"onLanguage:json"}
[2021-06-08 23:54:28.970] [exthost] [info] ExtensionService#loadCommonJSModule file:///home/bryan/.vscode-server/bin/054a9295330880ed74ceaedda236253b4f39a335/extensions/configuration-editing/dist/configurationEditingMain
[2021-06-08 23:54:28.980] [exthost] [info] ExtensionService#_doActivateExtension vscode.extension-editing {"startup":false,"extensionId":{"value":"vscode.extension-editing","_lower":"vscode.extension-editing"},"activationEvent":"onLanguage:json"}
[2021-06-08 23:54:28.980] [exthost] [info] ExtensionService#loadCommonJSModule file:///home/bryan/.vscode-server/bin/054a9295330880ed74ceaedda236253b4f39a335/extensions/extension-editing/dist/extensionEditingMain
[2021-06-08 23:54:29.009] [exthost] [info] ExtensionService#_doActivateExtension vscode.json-language-features {"startup":false,"extensionId":{"value":"vscode.json-language-features","_lower":"vscode.json-language-features"},"activationEvent":"onLanguage:json"}
[2021-06-08 23:54:29.009] [exthost] [info] ExtensionService#loadCommonJSModule file:///home/bryan/.vscode-server/bin/054a9295330880ed74ceaedda236253b4f39a335/extensions/json-language-features/client/dist/node/jsonClientMain
[2021-06-08 23:54:29.221] [exthost] [info] ExtensionService#_doActivateExtension vscode.npm {"startup":false,"extensionId":{"value":"vscode.npm","_lower":"vscode.npm"},"activationEvent":"onLanguage:json"}
[2021-06-08 23:54:29.221] [exthost] [info] ExtensionService#loadCommonJSModule file:///home/bryan/.vscode-server/bin/054a9295330880ed74ceaedda236253b4f39a335/extensions/npm/dist/npmMain
[2021-06-08 23:54:31.298] [exthost] [error] {"message":"Git error","stdout":"","stderr":"fatal: pathspec '/home/bryan/.aws/credentials' is beyond a symbolic link\n","exitCode":128}
