[2021-06-08 23:27:37.972] [exthost] [info] extension host started
[2021-06-08 23:27:38.037] [exthost] [info] ExtensionService#_doActivateExtension vscode.debug-auto-launch {"startup":true,"extensionId":{"value":"vscode.debug-auto-launch","_lower":"vscode.debug-auto-launch"},"activationEvent":"*"}
[2021-06-08 23:27:38.037] [exthost] [info] ExtensionService#loadCommonJSModule file:///home/bryan/.vscode-server/bin/054a9295330880ed74ceaedda236253b4f39a335/extensions/debug-auto-launch/dist/extension
[2021-06-08 23:27:38.047] [exthost] [info] ExtensionService#_doActivateExtension vscode.git {"startup":true,"extensionId":{"value":"vscode.github","_lower":"vscode.github"},"activationEvent":"*"}
[2021-06-08 23:27:38.047] [exthost] [info] ExtensionService#loadCommonJSModule file:///home/bryan/.vscode-server/bin/054a9295330880ed74ceaedda236253b4f39a335/extensions/git/dist/main
[2021-06-08 23:27:38.537] [exthost] [info] ExtensionService#_doActivateExtension vscode.github {"startup":true,"extensionId":{"value":"vscode.github","_lower":"vscode.github"},"activationEvent":"*"}
[2021-06-08 23:27:38.537] [exthost] [info] ExtensionService#loadCommonJSModule file:///home/bryan/.vscode-server/bin/054a9295330880ed74ceaedda236253b4f39a335/extensions/github/dist/extension.js
[2021-06-08 23:27:38.637] [exthost] [info] ExtensionService#_doActivateExtension vscode.emmet {"startup":false,"extensionId":{"value":"vscode.emmet","_lower":"vscode.emmet"},"activationEvent":"onStartupFinished"}
[2021-06-08 23:27:38.637] [exthost] [info] ExtensionService#loadCommonJSModule file:///home/bryan/.vscode-server/bin/054a9295330880ed74ceaedda236253b4f39a335/extensions/emmet/dist/node/emmetNodeMain
[2021-06-08 23:27:38.657] [exthost] [info] ExtensionService#_doActivateExtension vscode.merge-conflict {"startup":false,"extensionId":{"value":"vscode.merge-conflict","_lower":"vscode.merge-conflict"},"activationEvent":"onStartupFinished"}
[2021-06-08 23:27:38.657] [exthost] [info] ExtensionService#loadCommonJSModule file:///home/bryan/.vscode-server/bin/054a9295330880ed74ceaedda236253b4f39a335/extensions/merge-conflict/dist/mergeConflictMain
[2021-06-08 23:27:38.664] [exthost] [info] ExtensionService#_doActivateExtension vscode.testing-editor-contributions {"startup":false,"extensionId":{"value":"vscode.testing-editor-contributions","_lower":"vscode.testing-editor-contributions"},"activationEvent":"onStartupFinished"}
[2021-06-08 23:27:38.664] [exthost] [info] ExtensionService#loadCommonJSModule file:///home/bryan/.vscode-server/bin/054a9295330880ed74ceaedda236253b4f39a335/extensions/testing-editor-contributions/dist/extension.js
[2021-06-08 23:27:38.666] [exthost] [info] eager extensions activated
[2021-06-08 23:27:38.669] [exthost] [info] ExtensionService#_doActivateExtension ms-vscode.js-debug {"startup":false,"extensionId":{"value":"ms-vscode.js-debug","_lower":"ms-vscode.js-debug"},"activationEvent":"onCommand:extension.js-debug.clearAutoAttachVariables"}
[2021-06-08 23:27:38.669] [exthost] [info] ExtensionService#loadCommonJSModule file:///home/bryan/.vscode-server/bin/054a9295330880ed74ceaedda236253b4f39a335/extensions/ms-vscode.js-debug/src/extension.js
[2021-06-08 23:28:05.213] [exthost] [warning] [Decorations] CAPPING events from decorations provider vscode.git 1435
[2021-06-08 23:28:06.020] [exthost] [warning] [Decorations] CAPPING events from decorations provider vscode.git 1435
[2021-06-08 23:28:07.465] [exthost] [warning] [Decorations] CAPPING events from decorations provider vscode.git 1435
[2021-06-08 23:28:12.604] [exthost] [warning] [Decorations] CAPPING events from decorations provider vscode.git 1435
[2021-06-08 23:28:17.694] [exthost] [warning] [Decorations] CAPPING events from decorations provider vscode.git 1435
[2021-06-08 23:28:22.765] [exthost] [warning] [Decorations] CAPPING events from decorations provider vscode.git 1435
[2021-06-08 23:28:27.858] [exthost] [warning] [Decorations] CAPPING events from decorations provider vscode.git 1435
[2021-06-08 23:28:32.926] [exthost] [warning] [Decorations] CAPPING events from decorations provider vscode.git 1435
[2021-06-08 23:28:38.002] [exthost] [warning] [Decorations] CAPPING events from decorations provider vscode.git 1435
[2021-06-08 23:28:43.103] [exthost] [warning] [Decorations] CAPPING events from decorations provider vscode.git 1435
[2021-06-08 23:29:42.238] [exthost] [warning] [Decorations] CAPPING events from decorations provider vscode.git 1436
[2021-06-08 23:30:02.343] [exthost] [warning] [Decorations] CAPPING events from decorations provider vscode.git 1436
[2021-06-08 23:30:07.436] [exthost] [warning] [Decorations] CAPPING events from decorations provider vscode.git 1436
[2021-06-08 23:30:12.525] [exthost] [warning] [Decorations] CAPPING events from decorations provider vscode.git 1436
[2021-06-08 23:30:17.588] [exthost] [warning] [Decorations] CAPPING events from decorations provider vscode.git 1436
[2021-06-08 23:30:22.671] [exthost] [warning] [Decorations] CAPPING events from decorations provider vscode.git 1436
[2021-06-08 23:30:27.737] [exthost] [warning] [Decorations] CAPPING events from decorations provider vscode.git 1436
[2021-06-08 23:30:32.799] [exthost] [warning] [Decorations] CAPPING events from decorations provider vscode.git 1436
[2021-06-08 23:30:37.857] [exthost] [warning] [Decorations] CAPPING events from decorations provider vscode.git 1436
[2021-06-08 23:30:42.925] [exthost] [warning] [Decorations] CAPPING events from decorations provider vscode.git 1436
[2021-06-08 23:30:47.991] [exthost] [warning] [Decorations] CAPPING events from decorations provider vscode.git 1436
[2021-06-08 23:30:53.057] [exthost] [warning] [Decorations] CAPPING events from decorations provider vscode.git 1436
[2021-06-08 23:30:58.123] [exthost] [warning] [Decorations] CAPPING events from decorations provider vscode.git 1436
[2021-06-08 23:31:37.634] [exthost] [warning] [Decorations] CAPPING events from decorations provider vscode.git 1437
[2021-06-08 23:31:37.724] [exthost] [warning] [Decorations] CAPPING events from decorations provider vscode.git 1437
[2021-06-08 23:31:42.709] [exthost] [warning] [Decorations] CAPPING events from decorations provider vscode.git 1437
[2021-06-08 23:38:58.732] [exthost] [warning] [Decorations] CAPPING events from decorations provider vscode.git 418
[2021-06-08 23:38:58.986] [exthost] [warning] [Decorations] CAPPING events from decorations provider vscode.git 419
[2021-06-08 23:39:03.797] [exthost] [warning] [Decorations] CAPPING events from decorations provider vscode.git 419
[2021-06-08 23:39:08.865] [exthost] [warning] [Decorations] CAPPING events from decorations provider vscode.git 419
[2021-06-08 23:39:13.923] [exthost] [warning] [Decorations] CAPPING events from decorations provider vscode.git 419
[2021-06-08 23:39:18.996] [exthost] [warning] [Decorations] CAPPING events from decorations provider vscode.git 419
[2021-06-08 23:39:24.056] [exthost] [warning] [Decorations] CAPPING events from decorations provider vscode.git 419
[2021-06-08 23:39:29.126] [exthost] [warning] [Decorations] CAPPING events from decorations provider vscode.git 419
[2021-06-08 23:39:34.192] [exthost] [warning] [Decorations] CAPPING events from decorations provider vscode.git 419
[2021-06-08 23:39:39.248] [exthost] [warning] [Decorations] CAPPING events from decorations provider vscode.git 419
[2021-06-08 23:40:25.706] [exthost] [warning] [Decorations] CAPPING events from decorations provider vscode.git 419
[2021-06-08 23:40:30.782] [exthost] [warning] [Decorations] CAPPING events from decorations provider vscode.git 419
[2021-06-08 23:40:35.850] [exthost] [warning] [Decorations] CAPPING events from decorations provider vscode.git 419
[2021-06-08 23:41:48.173] [exthost] [warning] [Decorations] CAPPING events from decorations provider vscode.git 424
[2021-06-08 23:41:49.352] [exthost] [info] ExtensionService#_doActivateExtension vscode.configuration-editing {"startup":false,"extensionId":{"value":"vscode.configuration-editing","_lower":"vscode.configuration-editing"},"activationEvent":"onLanguage:json"}
[2021-06-08 23:41:49.353] [exthost] [info] ExtensionService#loadCommonJSModule file:///home/bryan/.vscode-server/bin/054a9295330880ed74ceaedda236253b4f39a335/extensions/configuration-editing/dist/configurationEditingMain
[2021-06-08 23:41:49.365] [exthost] [info] ExtensionService#_doActivateExtension vscode.extension-editing {"startup":false,"extensionId":{"value":"vscode.extension-editing","_lower":"vscode.extension-editing"},"activationEvent":"onLanguage:json"}
[2021-06-08 23:41:49.366] [exthost] [info] ExtensionService#loadCommonJSModule file:///home/bryan/.vscode-server/bin/054a9295330880ed74ceaedda236253b4f39a335/extensions/extension-editing/dist/extensionEditingMain
[2021-06-08 23:41:49.379] [exthost] [info] ExtensionService#_doActivateExtension vscode.json-language-features {"startup":false,"extensionId":{"value":"vscode.json-language-features","_lower":"vscode.json-language-features"},"activationEvent":"onLanguage:json"}
[2021-06-08 23:41:49.379] [exthost] [info] ExtensionService#loadCommonJSModule file:///home/bryan/.vscode-server/bin/054a9295330880ed74ceaedda236253b4f39a335/extensions/json-language-features/client/dist/node/jsonClientMain
[2021-06-08 23:41:49.432] [exthost] [info] ExtensionService#_doActivateExtension vscode.npm {"startup":false,"extensionId":{"value":"vscode.npm","_lower":"vscode.npm"},"activationEvent":"onLanguage:json"}
[2021-06-08 23:41:49.432] [exthost] [info] ExtensionService#loadCommonJSModule file:///home/bryan/.vscode-server/bin/054a9295330880ed74ceaedda236253b4f39a335/extensions/npm/dist/npmMain
[2021-06-08 23:41:52.853] [exthost] [error] {"message":"Git error","stdout":"","stderr":"fatal: Pathspec '/home/bryan/.nvm/.cache' is in submodule '.nvm'\n","exitCode":128,"gitErrorCode":"IsInSubmodule"}
[2021-06-08 23:41:52.853] [exthost] [error] {"message":"Git error","stdout":"","stderr":"fatal: Pathspec '/home/bryan/.nvm/.cache' is in submodule '.nvm'\n","exitCode":128,"gitErrorCode":"IsInSubmodule"}
[2021-06-08 23:41:52.853] [exthost] [error] {"message":"Git error","stdout":"","stderr":"fatal: Pathspec '/home/bryan/.nvm/.cache' is in submodule '.nvm'\n","exitCode":128,"gitErrorCode":"IsInSubmodule"}
[2021-06-08 23:41:52.853] [exthost] [error] {"message":"Git error","stdout":"","stderr":"fatal: Pathspec '/home/bryan/.nvm/.cache' is in submodule '.nvm'\n","exitCode":128,"gitErrorCode":"IsInSubmodule"}
[2021-06-08 23:41:52.853] [exthost] [error] {"message":"Git error","stdout":"","stderr":"fatal: Pathspec '/home/bryan/.nvm/.cache' is in submodule '.nvm'\n","exitCode":128,"gitErrorCode":"IsInSubmodule"}
[2021-06-08 23:41:53.243] [exthost] [warning] [Decorations] CAPPING events from decorations provider vscode.git 424
[2021-06-08 23:41:55.051] [exthost] [error] {"message":"Git error","stdout":"","stderr":"fatal: Pathspec '/home/bryan/.nvm/versions/node/v14.17.0' is in submodule '.nvm'\n","exitCode":128,"gitErrorCode":"IsInSubmodule"}
[2021-06-08 23:41:55.051] [exthost] [error] {"message":"Git error","stdout":"","stderr":"fatal: Pathspec '/home/bryan/.nvm/versions/node/v14.17.0' is in submodule '.nvm'\n","exitCode":128,"gitErrorCode":"IsInSubmodule"}
[2021-06-08 23:41:55.051] [exthost] [error] {"message":"Git error","stdout":"","stderr":"fatal: Pathspec '/home/bryan/.nvm/versions/node/v14.17.0' is in submodule '.nvm'\n","exitCode":128,"gitErrorCode":"IsInSubmodule"}
[2021-06-08 23:41:55.051] [exthost] [error] {"message":"Git error","stdout":"","stderr":"fatal: Pathspec '/home/bryan/.nvm/versions/node/v14.17.0' is in submodule '.nvm'\n","exitCode":128,"gitErrorCode":"IsInSubmodule"}
[2021-06-08 23:41:55.051] [exthost] [error] {"message":"Git error","stdout":"","stderr":"fatal: Pathspec '/home/bryan/.nvm/versions/node/v14.17.0' is in submodule '.nvm'\n","exitCode":128,"gitErrorCode":"IsInSubmodule"}
[2021-06-08 23:41:55.051] [exthost] [error] {"message":"Git error","stdout":"","stderr":"fatal: Pathspec '/home/bryan/.nvm/versions/node/v14.17.0' is in submodule '.nvm'\n","exitCode":128,"gitErrorCode":"IsInSubmodule"}
[2021-06-08 23:41:55.051] [exthost] [error] {"message":"Git error","stdout":"","stderr":"fatal: Pathspec '/home/bryan/.nvm/versions/node/v14.17.0' is in submodule '.nvm'\n","exitCode":128,"gitErrorCode":"IsInSubmodule"}
[2021-06-08 23:41:55.051] [exthost] [error] {"message":"Git error","stdout":"","stderr":"fatal: Pathspec '/home/bryan/.nvm/versions/node/v14.17.0' is in submodule '.nvm'\n","exitCode":128,"gitErrorCode":"IsInSubmodule"}
[2021-06-08 23:41:56.752] [exthost] [error] {"message":"Git error","stdout":"","stderr":"fatal: Pathspec '/home/bryan/.nvm/test/fast' is in submodule '.nvm'\n","exitCode":128,"gitErrorCode":"IsInSubmodule"}
[2021-06-08 23:41:56.752] [exthost] [error] {"message":"Git error","stdout":"","stderr":"fatal: Pathspec '/home/bryan/.nvm/test/fast' is in submodule '.nvm'\n","exitCode":128,"gitErrorCode":"IsInSubmodule"}
[2021-06-08 23:41:56.752] [exthost] [error] {"message":"Git error","stdout":"","stderr":"fatal: Pathspec '/home/bryan/.nvm/test/fast' is in submodule '.nvm'\n","exitCode":128,"gitErrorCode":"IsInSubmodule"}
[2021-06-08 23:41:56.752] [exthost] [error] {"message":"Git error","stdout":"","stderr":"fatal: Pathspec '/home/bryan/.nvm/test/fast' is in submodule '.nvm'\n","exitCode":128,"gitErrorCode":"IsInSubmodule"}
[2021-06-08 23:41:56.752] [exthost] [error] {"message":"Git error","stdout":"","stderr":"fatal: Pathspec '/home/bryan/.nvm/test/fast' is in submodule '.nvm'\n","exitCode":128,"gitErrorCode":"IsInSubmodule"}
[2021-06-08 23:41:56.752] [exthost] [error] {"message":"Git error","stdout":"","stderr":"fatal: Pathspec '/home/bryan/.nvm/test/fast' is in submodule '.nvm'\n","exitCode":128,"gitErrorCode":"IsInSubmodule"}
[2021-06-08 23:41:56.752] [exthost] [error] {"message":"Git error","stdout":"","stderr":"fatal: Pathspec '/home/bryan/.nvm/test/fast' is in submodule '.nvm'\n","exitCode":128,"gitErrorCode":"IsInSubmodule"}
[2021-06-08 23:41:56.752] [exthost] [error] {"message":"Git error","stdout":"","stderr":"fatal: Pathspec '/home/bryan/.nvm/test/fast' is in submodule '.nvm'\n","exitCode":128,"gitErrorCode":"IsInSubmodule"}
[2021-06-08 23:41:58.322] [exthost] [warning] [Decorations] CAPPING events from decorations provider vscode.git 424
[2021-06-08 23:41:58.595] [exthost] [error] {"message":"Git error","stdout":"","stderr":"fatal: Pathspec '/home/bryan/.nvm/alias/lts' is in submodule '.nvm'\n","exitCode":128,"gitErrorCode":"IsInSubmodule"}
[2021-06-08 23:41:58.595] [exthost] [error] {"message":"Git error","stdout":"","stderr":"fatal: Pathspec '/home/bryan/.nvm/alias/lts' is in submodule '.nvm'\n","exitCode":128,"gitErrorCode":"IsInSubmodule"}
[2021-06-08 23:41:59.127] [exthost] [error] {"message":"Git error","stdout":"","stderr":"fatal: Pathspec '/home/bryan/.nvm/alias/lts/*' is in submodule '.nvm'\n","exitCode":128,"gitErrorCode":"IsInSubmodule"}
[2021-06-08 23:41:59.127] [exthost] [error] {"message":"Git error","stdout":"","stderr":"fatal: Pathspec '/home/bryan/.nvm/alias/lts/*' is in submodule '.nvm'\n","exitCode":128,"gitErrorCode":"IsInSubmodule"}
[2021-06-08 23:41:59.127] [exthost] [error] {"message":"Git error","stdout":"","stderr":"fatal: Pathspec '/home/bryan/.nvm/alias/lts/*' is in submodule '.nvm'\n","exitCode":128,"gitErrorCode":"IsInSubmodule"}
[2021-06-08 23:41:59.127] [exthost] [error] {"message":"Git error","stdout":"","stderr":"fatal: Pathspec '/home/bryan/.nvm/alias/lts/*' is in submodule '.nvm'\n","exitCode":128,"gitErrorCode":"IsInSubmodule"}
[2021-06-08 23:41:59.127] [exthost] [error] {"message":"Git error","stdout":"","stderr":"fatal: Pathspec '/home/bryan/.nvm/alias/lts/*' is in submodule '.nvm'\n","exitCode":128,"gitErrorCode":"IsInSubmodule"}
[2021-06-08 23:41:59.127] [exthost] [error] {"message":"Git error","stdout":"","stderr":"fatal: Pathspec '/home/bryan/.nvm/alias/lts/*' is in submodule '.nvm'\n","exitCode":128,"gitErrorCode":"IsInSubmodule"}
[2021-06-08 23:41:59.127] [exthost] [error] {"message":"Git error","stdout":"","stderr":"fatal: Pathspec '/home/bryan/.nvm/alias/lts/*' is in submodule '.nvm'\n","exitCode":128,"gitErrorCode":"IsInSubmodule"}
[2021-06-08 23:41:59.270] [exthost] [warning] [Decorations] CAPPING events from decorations provider vscode.git 424
[2021-06-08 23:42:02.556] [exthost] [error] {"message":"Git error","stdout":"","stderr":"fatal: Pathspec '/home/bryan/.nvm/.cache/bin/node-v14.17.0-linux-x64' is in submodule '.nvm'\n","exitCode":128,"gitErrorCode":"IsInSubmodule"}
[2021-06-08 23:42:02.556] [exthost] [error] {"message":"Git error","stdout":"","stderr":"fatal: Pathspec '/home/bryan/.nvm/.cache/bin/node-v14.17.0-linux-x64' is in submodule '.nvm'\n","exitCode":128,"gitErrorCode":"IsInSubmodule"}
[2021-06-08 23:42:03.244] [exthost] [error] {"message":"Git error","stdout":"","stderr":"fatal: Pathspec '/home/bryan/.nvm/.cache/bin' is in submodule '.nvm'\n","exitCode":128,"gitErrorCode":"IsInSubmodule"}
[2021-06-08 23:42:03.398] [exthost] [warning] [Decorations] CAPPING events from decorations provider vscode.git 424
[2021-06-08 23:42:10.252] [exthost] [warning] [Decorations] CAPPING events from decorations provider vscode.git 424
[2021-06-08 23:42:15.318] [exthost] [warning] [Decorations] CAPPING events from decorations provider vscode.git 424
[2021-06-08 23:43:47.172] [exthost] [info] ExtensionService#_doActivateExtension vscode.typescript-language-features {"startup":false,"extensionId":{"value":"vscode.typescript-language-features","_lower":"vscode.typescript-language-features"},"activationEvent":"onLanguage:jsonc"}
[2021-06-08 23:43:47.172] [exthost] [info] ExtensionService#loadCommonJSModule file:///home/bryan/.vscode-server/bin/054a9295330880ed74ceaedda236253b4f39a335/extensions/typescript-language-features/dist/extension
[2021-06-08 23:44:32.624] [exthost] [info] extension host terminating: received terminate message from renderer
[2021-06-08 23:44:33.641] [exthost] [info] exiting with code 0
